ASPRA-APP/app/build/intermediates/manifest_merge_blame_file/debug/manifest-merger-blame-debug-report.txt
1<?xml version="1.0" encoding="utf-8"?>
2<manifest xmlns:android="http://schemas.android.com/apk/res/android"
3    package="com.example.aspra_app"
4    android:versionCode="1"
5    android:versionName="1.0" >
6
7    <uses-sdk
8        android:minSdkVersion="24"
9        android:targetSdkVersion="33" />
10
11    <permission
11-->[androidx.core:core:1.9.0] AndroidManifest.xml:22:5-24:47
12        android:name="com.example.aspra_app.DYNAMIC_RECEIVER_NOT_EXPORTED_PERMISSION"
12-->[androidx.core:core:1.9.0] AndroidManifest.xml:23:9-81
13        android:protectionLevel="signature" />
13-->[androidx.core:core:1.9.0] AndroidManifest.xml:24:9-44
14
15    <uses-permission android:name="com.example.aspra_app.DYNAMIC_RECEIVER_NOT_EXPORTED_PERMISSION" />
15-->[androidx.core:core:1.9.0] AndroidManifest.xml:26:5-97
15-->[androidx.core:core:1.9.0] AndroidManifest.xml:26:22-94
16
17    <application
17-->src\main\AndroidManifest.xml:5:5-70:19
18        android:allowBackup="true"
18-->src\main\AndroidManifest.xml:6:9-35
19        android:appComponentFactory="androidx.core.app.CoreComponentFactory"
19-->[androidx.core:core:1.9.0] AndroidManifest.xml:28:18-86
20        android:dataExtractionRules="@xml/data_extraction_rules"
20-->src\main\AndroidManifest.xml:7:9-65
21        android:debuggable="true"
22        android:extractNativeLibs="false"
23        android:fullBackupContent="@xml/backup_rules"
23-->src\main\AndroidManifest.xml:8:9-54
24        android:icon="@mipmap/ic_launcher"
24-->src\main\AndroidManifest.xml:9:9-43
25        android:label="@string/app_name"
25-->src\main\AndroidManifest.xml:10:9-41
26        android:roundIcon="@mipmap/ic_launcher_round"
26-->src\main\AndroidManifest.xml:11:9-54
27        android:supportsRtl="true"
27-->src\main\AndroidManifest.xml:12:9-35
28        android:testOnly="true"
29        android:theme="@style/Theme.ASPRAAPP" >
29-->src\main\AndroidManifest.xml:13:9-46
30        <activity
30-->src\main\AndroidManifest.xml:15:9-23:20
31            android:name="com.example.aspra_app.ReporteExitosoActivity"
31-->src\main\AndroidManifest.xml:16:13-51
32            android:label="@string/reporteOK_name"
32-->src\main\AndroidManifest.xml:17:13-53
33            android:parentActivityName="com.example.aspra_app.ReportarActivity" >
33-->src\main\AndroidManifest.xml:18:13-59
34            <meta-data
34-->src\main\AndroidManifest.xml:19:13-22:64
35                android:name="android.support.PARENT_ACTIVITY"
35-->src\main\AndroidManifest.xml:20:17-63
36                android:value="com.example.aspra_app.ReportarActivity" />
36-->src\main\AndroidManifest.xml:21:17-93
37        </activity>
38        <activity
38-->src\main\AndroidManifest.xml:24:9-32:20
39            android:name="com.example.aspra_app.ReportarActivity"
39-->src\main\AndroidManifest.xml:25:13-45
40            android:label="@string/reporte_name"
40-->src\main\AndroidManifest.xml:26:13-51
41            android:parentActivityName="com.example.aspra_app.MainActivity" >
41-->src\main\AndroidManifest.xml:27:13-55
42            <meta-data
42-->src\main\AndroidManifest.xml:19:13-22:64
43                android:name="android.support.PARENT_ACTIVITY"
43-->src\main\AndroidManifest.xml:20:17-63
44                android:value="com.example.aspra_app.MainActivity" />
44-->src\main\AndroidManifest.xml:21:17-93
45        </activity>
46        <activity
46-->src\main\AndroidManifest.xml:33:9-41:20
47            android:name="com.example.aspra_app.RegistrarseActivity"
47-->src\main\AndroidManifest.xml:34:13-48
48            android:label="@string/registro_name"
48-->src\main\AndroidManifest.xml:35:13-52
49            android:parentActivityName="com.example.aspra_app.LoginActivity" >
49-->src\main\AndroidManifest.xml:36:13-56
50            <meta-data
50-->src\main\AndroidManifest.xml:19:13-22:64
51                android:name="android.support.PARENT_ACTIVITY"
51-->src\main\AndroidManifest.xml:20:17-63
52                android:value="com.example.aspra_app.LoginActivity" />
52-->src\main\AndroidManifest.xml:21:17-93
53        </activity>
54        <activity
54-->src\main\AndroidManifest.xml:42:9-50:20
55            android:name="com.example.aspra_app.LoginActivity"
55-->src\main\AndroidManifest.xml:43:13-42
56            android:label="@string/login_name"
56-->src\main\AndroidManifest.xml:44:13-49
57            android:parentActivityName="com.example.aspra_app.MainActivity" >
57-->src\main\AndroidManifest.xml:45:13-55
58            <meta-data
58-->src\main\AndroidManifest.xml:19:13-22:64
59                android:name="android.support.PARENT_ACTIVITY"
59-->src\main\AndroidManifest.xml:20:17-63
60                android:value="com.example.aspra_app.MainActivity" />
60-->src\main\AndroidManifest.xml:21:17-93
61        </activity>
62        <activity
62-->src\main\AndroidManifest.xml:51:9-59:20
63            android:name="com.example.aspra_app.ContactoActivity"
63-->src\main\AndroidManifest.xml:52:13-45
64            android:label="@string/contacto_name"
64-->src\main\AndroidManifest.xml:53:13-52
65            android:parentActivityName="com.example.aspra_app.MainActivity" >
65-->src\main\AndroidManifest.xml:54:13-55
66            <meta-data
66-->src\main\AndroidManifest.xml:19:13-22:64
67                android:name="android.support.PARENT_ACTIVITY"
67-->src\main\AndroidManifest.xml:20:17-63
68                android:value="com.example.aspra_app.MainActivity" />
68-->src\main\AndroidManifest.xml:21:17-93
69        </activity>
70        <activity
70-->src\main\AndroidManifest.xml:60:9-69:20
71            android:name="com.example.aspra_app.MainActivity"
71-->src\main\AndroidManifest.xml:61:13-41
72            android:exported="true"
72-->src\main\AndroidManifest.xml:63:13-36
73            android:label="@string/home_name" >
73-->src\main\AndroidManifest.xml:62:13-48
74            <intent-filter>
74-->src\main\AndroidManifest.xml:64:13-68:29
75                <action android:name="android.intent.action.MAIN" />
75-->src\main\AndroidManifest.xml:65:17-69
75-->src\main\AndroidManifest.xml:65:25-66
76
77                <category android:name="android.intent.category.LAUNCHER" />
77-->src\main\AndroidManifest.xml:67:17-77
77-->src\main\AndroidManifest.xml:67:27-74
78            </intent-filter>
79        </activity>
80
81        <provider
81-->[androidx.emoji2:emoji2:1.2.0] AndroidManifest.xml:24:9-32:20
82            android:name="androidx.startup.InitializationProvider"
82-->[androidx.emoji2:emoji2:1.2.0] AndroidManifest.xml:25:13-67
83            android:authorities="com.example.aspra_app.androidx-startup"
83-->[androidx.emoji2:emoji2:1.2.0] AndroidManifest.xml:26:13-68
84            android:exported="false" >
84-->[androidx.emoji2:emoji2:1.2.0] AndroidManifest.xml:27:13-37
85            <meta-data
85-->[androidx.emoji2:emoji2:1.2.0] AndroidManifest.xml:29:13-31:52
86                android:name="androidx.emoji2.text.EmojiCompatInitializer"
86-->[androidx.emoji2:emoji2:1.2.0] AndroidManifest.xml:30:17-75
87                android:value="androidx.startup" />
87-->[androidx.emoji2:emoji2:1.2.0] AndroidManifest.xml:31:17-49
88            <meta-data
88-->[androidx.lifecycle:lifecycle-process:2.4.1] AndroidManifest.xml:31:13-33:52
89                android:name="androidx.lifecycle.ProcessLifecycleInitializer"
89-->[androidx.lifecycle:lifecycle-process:2.4.1] AndroidManifest.xml:32:17-78
90                android:value="androidx.startup" />
90-->[androidx.lifecycle:lifecycle-process:2.4.1] AndroidManifest.xml:33:17-49
91        </provider>
92    </application>
93
94</manifest>